D:\projects\cube\Cube rotation\Debug\cl.command.1.tlog
D:\projects\cube\Cube rotation\Debug\CL.read.1.tlog
D:\projects\cube\Cube rotation\Debug\CL.write.1.tlog
D:\PROJECTS\CUBE\CUBE ROTATION\DEBUG\CUBE ROTATION.EXE.EMBED.MANIFEST
D:\PROJECTS\CUBE\CUBE ROTATION\DEBUG\CUBE ROTATION.EXE.EMBED.MANIFEST.RES
D:\PROJECTS\CUBE\CUBE ROTATION\DEBUG\CUBE ROTATION.EXE.INTERMEDIATE.MANIFEST
D:\PROJECTS\CUBE\CUBE ROTATION\DEBUG\CUBE ROTATION.OBJ
D:\PROJECTS\CUBE\CUBE ROTATION\DEBUG\CUBE ROTATION.PCH
D:\PROJECTS\CUBE\CUBE ROTATION\DEBUG\CUBE ROTATION.RES
D:\projects\cube\Cube rotation\Debug\Cube rotation.vcxprojResolveAssemblyReference.cache
D:\projects\cube\Cube rotation\Debug\Cube rotation.write.1.tlog
D:\projects\cube\Cube rotation\Debug\Cube rotation_manifest.rc
D:\PROJECTS\CUBE\CUBE ROTATION\DEBUG\INIT.OBJ
D:\projects\cube\Cube rotation\Debug\link.command.1.tlog
D:\projects\cube\Cube rotation\Debug\link.read.1.tlog
D:\projects\cube\Cube rotation\Debug\link.write.1.tlog
D:\projects\cube\Cube rotation\Debug\link-cvtres.read.1.tlog
D:\projects\cube\Cube rotation\Debug\link-cvtres.write.1.tlog
D:\projects\cube\Cube rotation\Debug\mt.command.1.tlog
D:\projects\cube\Cube rotation\Debug\mt.read.1.tlog
D:\projects\cube\Cube rotation\Debug\mt.write.1.tlog
D:\projects\cube\Cube rotation\Debug\rc.command.1.tlog
D:\projects\cube\Cube rotation\Debug\rc.read.1.tlog
D:\projects\cube\Cube rotation\Debug\rc.write.1.tlog
D:\PROJECTS\CUBE\CUBE ROTATION\DEBUG\STDAFX.OBJ
D:\PROJECTS\CUBE\CUBE ROTATION\DEBUG\SYSTEMSTRUCTURES.OBJ
D:\projects\cube\Cube rotation\Debug\vc100.idb
D:\PROJECTS\CUBE\CUBE ROTATION\DEBUG\VC100.PDB
D:\PROJECTS\CUBE\DEBUG\CUBE ROTATION.EXE
D:\PROJECTS\CUBE\DEBUG\CUBE ROTATION.ILK
D:\PROJECTS\CUBE\DEBUG\CUBE ROTATION.PDB
