Build started 9/6/2012 8:19:35 AM.
     1>Project "E:\Projects\directx\cube\Cube rotation\Cube rotation.vcxproj" on node 2 (build target(s)).
     1>InitializeBuildStatus:
         Creating "Debug\Cube rotation.unsuccessfulbuild" because "AlwaysCreate" was specified.
       ClCompile:
         All outputs are up-to-date.
         C:\Program Files (x86)\Microsoft Visual Studio 10.0\VC\bin\CL.exe /c /I"d3dx9.lib  d3d9.lib" /ZI /nologo /W3 /WX- /Od /Oy- /D WIN32 /D NDEBUG /D _WINDOWS /Gm /EHsc /RTC1 /MD /GS /fp:precise /Zc:wchar_t /Zc:forScope /Yu"StdAfx.h" /Fp"Debug\Cube rotation.pch" /Fo"Debug\\" /Fd"Debug\vc100.pdb" /Gd /TP /analyze- /errorReport:prompt Init.cpp
         Init.cpp
     1>e:\projects\directx\cube\cube rotation\init.cpp(108): warning C4715: 'DX3DInitZ' : not all control paths return a value
       ResourceCompile:
         All outputs are up-to-date.
       ManifestResourceCompile:
         All outputs are up-to-date.
       Link:
         C:\Program Files (x86)\Microsoft Visual Studio 10.0\VC\bin\link.exe /ERRORREPORT:PROMPT /OUT:"E:\Projects\directx\cube\Debug\Cube rotation.exe" /INCREMENTAL /NOLOGO d3dx9.lib d3d9.lib winmm.lib kernel32.lib user32.lib gdi32.lib winspool.lib comdlg32.lib advapi32.lib shell32.lib ole32.lib oleaut32.lib uuid.lib odbc32.lib odbccp32.lib /MANIFEST /ManifestFile:"Debug\Cube rotation.exe.intermediate.manifest" /MANIFESTUAC:"level='asInvoker' uiAccess='false'" /DEBUG /PDB:"E:\Projects\directx\cube\Debug\Cube rotation.pdb" /SUBSYSTEM:WINDOWS /TLBID:1 /DYNAMICBASE /NXCOMPAT /IMPLIB:"E:\Projects\directx\cube\Debug\Cube rotation.lib" /MACHINE:X86 "Debug\Cube rotation.res"
         "Debug\Cube rotation.exe.embed.manifest.res"
         "Debug\Cube rotation.obj"
         Debug\Init.obj
         Debug\stdafx.obj
         Debug\SystemStructures.obj
       Manifest:
         C:\Program Files (x86)\Microsoft SDKs\Windows\v7.0A\bin\mt.exe /nologo /verbose /out:"Debug\Cube rotation.exe.embed.manifest" /manifest "Debug\Cube rotation.exe.intermediate.manifest"
         All outputs are up-to-date.
       LinkEmbedManifest:
         All outputs are up-to-date.
         Cube rotation.vcxproj -> E:\Projects\directx\cube\Debug\Cube rotation.exe
       FinalizeBuildStatus:
         Deleting file "Debug\Cube rotation.unsuccessfulbuild".
         Touching "Debug\Cube rotation.lastbuildstate".
     1>Done Building Project "E:\Projects\directx\cube\Cube rotation\Cube rotation.vcxproj" (build target(s)).

Build succeeded.

Time Elapsed 00:00:01.15
